#! /c/Source/iverilog-install/bin/vvp
:ivl_version "12.0 (devel)" "(s20150603-1110-g18392a46)";
:ivl_delay_selection "TYPICAL";
:vpi_time_precision - 12;
:vpi_module "C:\iverilog\lib\ivl\system.vpi";
:vpi_module "C:\iverilog\lib\ivl\vhdl_sys.vpi";
:vpi_module "C:\iverilog\lib\ivl\vhdl_textio.vpi";
:vpi_module "C:\iverilog\lib\ivl\v2005_math.vpi";
:vpi_module "C:\iverilog\lib\ivl\va_math.vpi";
S_0000020edede64b0 .scope module, "reservation_station" "reservation_station" 2 23;
 .timescale -9 -12;
    .port_info 0 /INPUT 1 "clk";
    .port_info 1 /INPUT 1 "flush";
    .port_info 2 /INPUT 39 "forwardA";
    .port_info 3 /INPUT 39 "forwardB";
    .port_info 4 /INPUT 39 "forwardC";
    .port_info 5 /INPUT 95 "inOperation";
    .port_info 6 /OUTPUT 1 "operationUsed";
    .port_info 7 /OUTPUT 2 "outOperation";
    .port_info 8 /OUTPUT 1 "outOperationValid";
P_0000020edece63a0 .param/l "LOG_R" 0 2 25, +C4<00000000000000000000000000000011>;
P_0000020edece63d8 .param/l "R_SIZE" 0 2 24, +C4<00000000000000000000000000001000>;
v0000020eded69cd0_0 .net *"_ivl_33", 31 0, L_0000020eded6f880;  1 drivers
L_0000020edee602c8 .functor BUFT 1, C4<000000000000000000000000>, C4<0>, C4<0>, C4<0>;
v0000020eded69190_0 .net *"_ivl_36", 23 0, L_0000020edee602c8;  1 drivers
L_0000020edee60310 .functor BUFT 1, C4<00000000000000000000000000000000>, C4<0>, C4<0>, C4<0>;
v0000020eded69b90_0 .net/2u *"_ivl_37", 31 0, L_0000020edee60310;  1 drivers
v0000020eded69c30_0 .net *"_ivl_43", 94 0, L_0000020eded6fec0;  1 drivers
v0000020eded686f0_0 .net *"_ivl_45", 4 0, L_0000020eded6fe20;  1 drivers
L_0000020edee60358 .functor BUFT 1, C4<00>, C4<0>, C4<0>, C4<0>;
v0000020eded68150_0 .net *"_ivl_48", 1 0, L_0000020edee60358;  1 drivers
v0000020eded68790_0 .net *"_ivl_50", 13 0, L_0000020eded6f740;  1 drivers
v0000020eded68e70_0 .net *"_ivl_51", 94 0, L_0000020eded6ff60;  1 drivers
v0000020eded68f10_0 .net *"_ivl_53", 4 0, L_0000020eded703c0;  1 drivers
L_0000020edee603a0 .functor BUFT 1, C4<00>, C4<0>, C4<0>, C4<0>;
v0000020eded69050_0 .net *"_ivl_56", 1 0, L_0000020edee603a0;  1 drivers
v0000020eded69370_0 .net *"_ivl_58", 31 0, L_0000020eded6fc40;  1 drivers
v0000020eded69550_0 .net *"_ivl_59", 94 0, L_0000020eded6f7e0;  1 drivers
v0000020eded6c720_0 .net *"_ivl_61", 4 0, L_0000020eded70320;  1 drivers
L_0000020edee603e8 .functor BUFT 1, C4<00>, C4<0>, C4<0>, C4<0>;
v0000020eded6dc60_0 .net *"_ivl_64", 1 0, L_0000020edee603e8;  1 drivers
v0000020eded6ce00_0 .net *"_ivl_66", 31 0, L_0000020eded6ede0;  1 drivers
v0000020eded6d6c0_0 .net *"_ivl_67", 77 0, L_0000020eded6ee80;  1 drivers
v0000020eded6dee0_0 .net "check", 7 0, L_0000020eded6d8a0;  1 drivers
o0000020eded0fb58 .functor BUFZ 1, C4<z>; HiZ drive
v0000020eded6e200_0 .net "clk", 0 0, o0000020eded0fb58;  0 drivers
v0000020eded6e160_0 .var "committed", 7 0;
o0000020eded0fbb8 .functor BUFZ 1, C4<z>; HiZ drive
v0000020eded6db20_0 .net "flush", 0 0, o0000020eded0fbb8;  0 drivers
o0000020eded0fbe8 .functor BUFZ 39, C4<zzzzzzzzzzzzzzzzzzzzzzzzzzzzzzzzzzzzzzz>; HiZ drive
v0000020eded6e3e0_0 .net "forwardA", 38 0, o0000020eded0fbe8;  0 drivers
o0000020eded0fc18 .functor BUFZ 39, C4<zzzzzzzzzzzzzzzzzzzzzzzzzzzzzzzzzzzzzzz>; HiZ drive
v0000020eded6dbc0_0 .net "forwardB", 38 0, o0000020eded0fc18;  0 drivers
o0000020eded0fc48 .functor BUFZ 39, C4<zzzzzzzzzzzzzzzzzzzzzzzzzzzzzzzzzzzzzzz>; HiZ drive
v0000020eded6da80_0 .net "forwardC", 38 0, o0000020eded0fc48;  0 drivers
v0000020eded6c860_0 .var/i "i", 31 0;
o0000020eded0fca8 .functor BUFZ 95, C4<zzzzzzzzzzzzzzzzzzzzzzzzzzzzzzzzzzzzzzzzzzzzzzzzzzzzzzzzzzzzzzzzzzzzzzzzzzzzzzzzzzzzzzzzzzzzzzz>; HiZ drive
v0000020eded6c7c0_0 .net "inOperation", 94 0, o0000020eded0fca8;  0 drivers
v0000020eded6d760 .array "operation", 7 0, 94 0;
v0000020eded6d940_0 .net "operationIndex", 2 0, L_0000020eded6f240;  1 drivers
RS_0000020eded0fe88 .resolv tri, L_0000020eded0dc20, L_0000020eded0dbb0, L_0000020eded0d590, L_0000020eded0d210, L_0000020eded0ce90, L_0000020eded0cf00, L_0000020eded0d0c0, L_0000020eded0d750;
v0000020eded6cb80_0 .net8 "operationUsed", 0 0, RS_0000020eded0fe88;  8 drivers
v0000020eded6d9e0_0 .net "outOperation", 1 0, L_0000020eded6e840;  1 drivers
v0000020eded6e480_0 .net "outOperationValid", 0 0, L_0000020eded6fd80;  1 drivers
L_0000020eded6c900 .part v0000020eded6e160_0, 0, 1;
L_0000020eded6e520 .part v0000020eded6e160_0, 1, 1;
L_0000020eded6cfe0 .part v0000020eded6e160_0, 2, 1;
L_0000020eded6cea0 .part v0000020eded6e160_0, 3, 1;
L_0000020eded6e340 .part v0000020eded6e160_0, 4, 1;
L_0000020eded6d080 .part v0000020eded6e160_0, 5, 1;
L_0000020eded6e2a0 .part v0000020eded6e160_0, 6, 1;
LS_0000020eded6d8a0_0_0 .concat8 [ 1 1 1 1], L_0000020eded0dad0, L_0000020eded0d2f0, L_0000020eded0d520, L_0000020eded0d980;
LS_0000020eded6d8a0_0_4 .concat8 [ 1 1 1 1], L_0000020eded0cdb0, L_0000020eded0ce20, L_0000020eded0da60, L_0000020eded0db40;
L_0000020eded6d8a0 .concat8 [ 4 4 0 0], LS_0000020eded6d8a0_0_0, LS_0000020eded6d8a0_0_4;
L_0000020eded6d260 .part v0000020eded6e160_0, 7, 1;
L_0000020eded6e0c0 .part v0000020eded6e160_0, 0, 1;
L_0000020eded6d3a0 .part v0000020eded6e160_0, 1, 1;
L_0000020eded6d440 .part v0000020eded6e160_0, 2, 1;
L_0000020eded6d580 .part v0000020eded6e160_0, 3, 1;
L_0000020eded6eb60 .part v0000020eded6e160_0, 4, 1;
L_0000020eded70280 .part v0000020eded6e160_0, 5, 1;
L_0000020eded6eac0 .part v0000020eded6e160_0, 6, 1;
L_0000020eded6f6a0 .part v0000020eded6e160_0, 7, 1;
L_0000020eded6f880 .concat [ 8 24 0 0], L_0000020eded6d8a0, L_0000020edee602c8;
L_0000020eded6fd80 .cmp/gt 32, L_0000020eded6f880, L_0000020edee60310;
L_0000020eded6f240 .ufunc/vec4 TD_reservation_station.getOperationIndex, 3, v0000020eded6e160_0 (v0000020eded69230_0) S_0000020eded6c280;
L_0000020eded6fec0 .array/port v0000020eded6d760, L_0000020eded6fe20;
L_0000020eded6fe20 .concat [ 3 2 0 0], L_0000020eded6f240, L_0000020edee60358;
L_0000020eded6f740 .part L_0000020eded6fec0, 80, 14;
L_0000020eded6ff60 .array/port v0000020eded6d760, L_0000020eded703c0;
L_0000020eded703c0 .concat [ 3 2 0 0], L_0000020eded6f240, L_0000020edee603a0;
L_0000020eded6fc40 .part L_0000020eded6ff60, 48, 32;
L_0000020eded6f7e0 .array/port v0000020eded6d760, L_0000020eded70320;
L_0000020eded70320 .concat [ 3 2 0 0], L_0000020eded6f240, L_0000020edee603e8;
L_0000020eded6ede0 .part L_0000020eded6f7e0, 9, 32;
L_0000020eded6ee80 .concat [ 32 32 14 0], L_0000020eded6ede0, L_0000020eded6fc40, L_0000020eded6f740;
L_0000020eded6e840 .part L_0000020eded6ee80, 0, 2;
S_0000020edede6640 .scope generate, "genblk1[0]" "genblk1[0]" 2 38, 2 38 0, S_0000020edede64b0;
 .timescale -9 -12;
P_0000020eded08eb0 .param/l "j" 0 2 38, +C4<00>;
L_0000020eded0dad0 .functor AND 1, L_0000020eded6c900, L_0000020eded6ca40, C4<1>, C4<1>;
v0000020eded03120_0 .net *"_ivl_0", 0 0, L_0000020eded6c900;  1 drivers
v0000020eded02b80_0 .net *"_ivl_3", 1 0, L_0000020eded6c9a0;  1 drivers
L_0000020edee60088 .functor BUFT 1, C4<00>, C4<0>, C4<0>, C4<0>;
v0000020eded02c20_0 .net/2u *"_ivl_4", 1 0, L_0000020edee60088;  1 drivers
v0000020eded02d60_0 .net *"_ivl_6", 0 0, L_0000020eded6ca40;  1 drivers
v0000020eded031c0_0 .net *"_ivl_8", 0 0, L_0000020eded0dad0;  1 drivers
v0000020eded6d760_0 .array/port v0000020eded6d760, 0;
L_0000020eded6c9a0 .part v0000020eded6d760_0, 0, 2;
L_0000020eded6ca40 .cmp/eq 2, L_0000020eded6c9a0, L_0000020edee60088;
S_0000020eded66a10 .scope generate, "genblk1[1]" "genblk1[1]" 2 38, 2 38 0, S_0000020edede64b0;
 .timescale -9 -12;
P_0000020eded084f0 .param/l "j" 0 2 38, +C4<01>;
L_0000020eded0d2f0 .functor AND 1, L_0000020eded6e520, L_0000020eded6d120, C4<1>, C4<1>;
v0000020eded03940_0 .net *"_ivl_0", 0 0, L_0000020eded6e520;  1 drivers
v0000020eded039e0_0 .net *"_ivl_3", 1 0, L_0000020eded6e5c0;  1 drivers
L_0000020edee600d0 .functor BUFT 1, C4<00>, C4<0>, C4<0>, C4<0>;
v0000020eded027c0_0 .net/2u *"_ivl_4", 1 0, L_0000020edee600d0;  1 drivers
v0000020eded03a80_0 .net *"_ivl_6", 0 0, L_0000020eded6d120;  1 drivers
v0000020eded03bc0_0 .net *"_ivl_8", 0 0, L_0000020eded0d2f0;  1 drivers
v0000020eded6d760_1 .array/port v0000020eded6d760, 1;
L_0000020eded6e5c0 .part v0000020eded6d760_1, 0, 2;
L_0000020eded6d120 .cmp/eq 2, L_0000020eded6e5c0, L_0000020edee600d0;
S_0000020eded67bb0 .scope generate, "genblk1[2]" "genblk1[2]" 2 38, 2 38 0, S_0000020edede64b0;
 .timescale -9 -12;
P_0000020eded089f0 .param/l "j" 0 2 38, +C4<010>;
L_0000020eded0d520 .functor AND 1, L_0000020eded6cfe0, L_0000020eded6dd00, C4<1>, C4<1>;
v0000020eded03c60_0 .net *"_ivl_0", 0 0, L_0000020eded6cfe0;  1 drivers
v0000020eded03da0_0 .net *"_ivl_3", 1 0, L_0000020eded6cd60;  1 drivers
L_0000020edee60118 .functor BUFT 1, C4<00>, C4<0>, C4<0>, C4<0>;
v0000020eded020e0_0 .net/2u *"_ivl_4", 1 0, L_0000020edee60118;  1 drivers
v0000020eded02680_0 .net *"_ivl_6", 0 0, L_0000020eded6dd00;  1 drivers
v0000020eded03300_0 .net *"_ivl_8", 0 0, L_0000020eded0d520;  1 drivers
v0000020eded6d760_2 .array/port v0000020eded6d760, 2;
L_0000020eded6cd60 .part v0000020eded6d760_2, 0, 2;
L_0000020eded6dd00 .cmp/eq 2, L_0000020eded6cd60, L_0000020edee60118;
S_0000020eded67d40 .scope generate, "genblk1[3]" "genblk1[3]" 2 38, 2 38 0, S_0000020edede64b0;
 .timescale -9 -12;
P_0000020eded085f0 .param/l "j" 0 2 38, +C4<011>;
L_0000020eded0d980 .functor AND 1, L_0000020eded6cea0, L_0000020eded6d800, C4<1>, C4<1>;
v0000020eded03e40_0 .net *"_ivl_0", 0 0, L_0000020eded6cea0;  1 drivers
v0000020eded033a0_0 .net *"_ivl_3", 1 0, L_0000020eded6dda0;  1 drivers
L_0000020edee60160 .functor BUFT 1, C4<00>, C4<0>, C4<0>, C4<0>;
v0000020eded02180_0 .net/2u *"_ivl_4", 1 0, L_0000020edee60160;  1 drivers
v0000020eded02720_0 .net *"_ivl_6", 0 0, L_0000020eded6d800;  1 drivers
v0000020eded02860_0 .net *"_ivl_8", 0 0, L_0000020eded0d980;  1 drivers
v0000020eded6d760_3 .array/port v0000020eded6d760, 3;
L_0000020eded6dda0 .part v0000020eded6d760_3, 0, 2;
L_0000020eded6d800 .cmp/eq 2, L_0000020eded6dda0, L_0000020edee60160;
S_0000020eded67ed0 .scope generate, "genblk1[4]" "genblk1[4]" 2 38, 2 38 0, S_0000020edede64b0;
 .timescale -9 -12;
P_0000020eded090b0 .param/l "j" 0 2 38, +C4<0100>;
L_0000020eded0cdb0 .functor AND 1, L_0000020eded6e340, L_0000020eded6de40, C4<1>, C4<1>;
v0000020eded02900_0 .net *"_ivl_0", 0 0, L_0000020eded6e340;  1 drivers
v0000020eded69690_0 .net *"_ivl_3", 1 0, L_0000020eded6cf40;  1 drivers
L_0000020edee601a8 .functor BUFT 1, C4<00>, C4<0>, C4<0>, C4<0>;
v0000020eded69d70_0 .net/2u *"_ivl_4", 1 0, L_0000020edee601a8;  1 drivers
v0000020eded68290_0 .net *"_ivl_6", 0 0, L_0000020eded6de40;  1 drivers
v0000020eded69410_0 .net *"_ivl_8", 0 0, L_0000020eded0cdb0;  1 drivers
v0000020eded6d760_4 .array/port v0000020eded6d760, 4;
L_0000020eded6cf40 .part v0000020eded6d760_4, 0, 2;
L_0000020eded6de40 .cmp/eq 2, L_0000020eded6cf40, L_0000020edee601a8;
S_0000020eded6a070 .scope generate, "genblk1[5]" "genblk1[5]" 2 38, 2 38 0, S_0000020edede64b0;
 .timescale -9 -12;
P_0000020eded08570 .param/l "j" 0 2 38, +C4<0101>;
L_0000020eded0ce20 .functor AND 1, L_0000020eded6d080, L_0000020eded6d1c0, C4<1>, C4<1>;
v0000020eded685b0_0 .net *"_ivl_0", 0 0, L_0000020eded6d080;  1 drivers
v0000020eded69f50_0 .net *"_ivl_3", 1 0, L_0000020eded6cae0;  1 drivers
L_0000020edee601f0 .functor BUFT 1, C4<00>, C4<0>, C4<0>, C4<0>;
v0000020eded681f0_0 .net/2u *"_ivl_4", 1 0, L_0000020edee601f0;  1 drivers
v0000020eded68830_0 .net *"_ivl_6", 0 0, L_0000020eded6d1c0;  1 drivers
v0000020eded690f0_0 .net *"_ivl_8", 0 0, L_0000020eded0ce20;  1 drivers
v0000020eded6d760_5 .array/port v0000020eded6d760, 5;
L_0000020eded6cae0 .part v0000020eded6d760_5, 0, 2;
L_0000020eded6d1c0 .cmp/eq 2, L_0000020eded6cae0, L_0000020edee601f0;
S_0000020eded6a200 .scope generate, "genblk1[6]" "genblk1[6]" 2 38, 2 38 0, S_0000020edede64b0;
 .timescale -9 -12;
P_0000020eded08670 .param/l "j" 0 2 38, +C4<0110>;
L_0000020eded0da60 .functor AND 1, L_0000020eded6e2a0, L_0000020eded6df80, C4<1>, C4<1>;
v0000020eded68b50_0 .net *"_ivl_0", 0 0, L_0000020eded6e2a0;  1 drivers
v0000020eded68a10_0 .net *"_ivl_3", 1 0, L_0000020eded6cc20;  1 drivers
L_0000020edee60238 .functor BUFT 1, C4<00>, C4<0>, C4<0>, C4<0>;
v0000020eded68bf0_0 .net/2u *"_ivl_4", 1 0, L_0000020edee60238;  1 drivers
v0000020eded68470_0 .net *"_ivl_6", 0 0, L_0000020eded6df80;  1 drivers
v0000020eded69eb0_0 .net *"_ivl_8", 0 0, L_0000020eded0da60;  1 drivers
v0000020eded6d760_6 .array/port v0000020eded6d760, 6;
L_0000020eded6cc20 .part v0000020eded6d760_6, 0, 2;
L_0000020eded6df80 .cmp/eq 2, L_0000020eded6cc20, L_0000020edee60238;
S_0000020eded6a390 .scope generate, "genblk1[7]" "genblk1[7]" 2 38, 2 38 0, S_0000020edede64b0;
 .timescale -9 -12;
P_0000020eded08930 .param/l "j" 0 2 38, +C4<0111>;
L_0000020eded0db40 .functor AND 1, L_0000020eded6d260, L_0000020eded6e020, C4<1>, C4<1>;
v0000020eded69e10_0 .net *"_ivl_0", 0 0, L_0000020eded6d260;  1 drivers
v0000020eded69a50_0 .net *"_ivl_3", 1 0, L_0000020eded6d300;  1 drivers
L_0000020edee60280 .functor BUFT 1, C4<00>, C4<0>, C4<0>, C4<0>;
v0000020eded695f0_0 .net/2u *"_ivl_4", 1 0, L_0000020edee60280;  1 drivers
v0000020eded697d0_0 .net *"_ivl_6", 0 0, L_0000020eded6e020;  1 drivers
v0000020eded69870_0 .net *"_ivl_8", 0 0, L_0000020eded0db40;  1 drivers
v0000020eded6d760_7 .array/port v0000020eded6d760, 7;
L_0000020eded6d300 .part v0000020eded6d760_7, 0, 2;
L_0000020eded6e020 .cmp/eq 2, L_0000020eded6d300, L_0000020edee60280;
S_0000020eded6a930 .scope generate, "genblk2[0]" "genblk2[0]" 2 44, 2 44 0, S_0000020edede64b0;
 .timescale -9 -12;
P_0000020eded086b0 .param/l "j" 0 2 44, +C4<00>;
L_0000020eded0dc20 .functor OR 1, RS_0000020eded0fe88, L_0000020eded6ccc0, C4<0>, C4<0>;
v0000020eded68c90_0 .net *"_ivl_0", 0 0, L_0000020eded6e0c0;  1 drivers
v0000020eded68d30_0 .net *"_ivl_2", 0 0, L_0000020eded6ccc0;  1 drivers
L_0000020eded6ccc0 .reduce/nor L_0000020eded6e0c0;
S_0000020eded6aac0 .scope generate, "genblk2[1]" "genblk2[1]" 2 44, 2 44 0, S_0000020edede64b0;
 .timescale -9 -12;
P_0000020eded086f0 .param/l "j" 0 2 44, +C4<01>;
L_0000020eded0dbb0 .functor OR 1, RS_0000020eded0fe88, L_0000020eded6d620, C4<0>, C4<0>;
v0000020eded688d0_0 .net *"_ivl_0", 0 0, L_0000020eded6d3a0;  1 drivers
v0000020eded68510_0 .net *"_ivl_2", 0 0, L_0000020eded6d620;  1 drivers
L_0000020eded6d620 .reduce/nor L_0000020eded6d3a0;
S_0000020eded6ac50 .scope generate, "genblk2[2]" "genblk2[2]" 2 44, 2 44 0, S_0000020edede64b0;
 .timescale -9 -12;
P_0000020eded090f0 .param/l "j" 0 2 44, +C4<010>;
L_0000020eded0d590 .functor OR 1, RS_0000020eded0fe88, L_0000020eded6d4e0, C4<0>, C4<0>;
v0000020eded69910_0 .net *"_ivl_0", 0 0, L_0000020eded6d440;  1 drivers
v0000020eded680b0_0 .net *"_ivl_2", 0 0, L_0000020eded6d4e0;  1 drivers
L_0000020eded6d4e0 .reduce/nor L_0000020eded6d440;
S_0000020eded6ade0 .scope generate, "genblk2[3]" "genblk2[3]" 2 44, 2 44 0, S_0000020edede64b0;
 .timescale -9 -12;
P_0000020eded09130 .param/l "j" 0 2 44, +C4<011>;
L_0000020eded0d210 .functor OR 1, RS_0000020eded0fe88, L_0000020eded6e8e0, C4<0>, C4<0>;
v0000020eded68650_0 .net *"_ivl_0", 0 0, L_0000020eded6d580;  1 drivers
v0000020eded69730_0 .net *"_ivl_2", 0 0, L_0000020eded6e8e0;  1 drivers
L_0000020eded6e8e0 .reduce/nor L_0000020eded6d580;
S_0000020eded6af70 .scope generate, "genblk2[4]" "genblk2[4]" 2 44, 2 44 0, S_0000020edede64b0;
 .timescale -9 -12;
P_0000020eded09170 .param/l "j" 0 2 44, +C4<0100>;
L_0000020eded0ce90 .functor OR 1, RS_0000020eded0fe88, L_0000020eded6ed40, C4<0>, C4<0>;
v0000020eded68330_0 .net *"_ivl_0", 0 0, L_0000020eded6eb60;  1 drivers
v0000020eded694b0_0 .net *"_ivl_2", 0 0, L_0000020eded6ed40;  1 drivers
L_0000020eded6ed40 .reduce/nor L_0000020eded6eb60;
S_0000020eded6b100 .scope generate, "genblk2[5]" "genblk2[5]" 2 44, 2 44 0, S_0000020edede64b0;
 .timescale -9 -12;
P_0000020eded083f0 .param/l "j" 0 2 44, +C4<0101>;
L_0000020eded0cf00 .functor OR 1, RS_0000020eded0fe88, L_0000020eded6ea20, C4<0>, C4<0>;
v0000020eded68dd0_0 .net *"_ivl_0", 0 0, L_0000020eded70280;  1 drivers
v0000020eded683d0_0 .net *"_ivl_2", 0 0, L_0000020eded6ea20;  1 drivers
L_0000020eded6ea20 .reduce/nor L_0000020eded70280;
S_0000020eded6b290 .scope generate, "genblk2[6]" "genblk2[6]" 2 44, 2 44 0, S_0000020edede64b0;
 .timescale -9 -12;
P_0000020eded091b0 .param/l "j" 0 2 44, +C4<0110>;
L_0000020eded0d0c0 .functor OR 1, RS_0000020eded0fe88, L_0000020eded6f920, C4<0>, C4<0>;
v0000020eded68fb0_0 .net *"_ivl_0", 0 0, L_0000020eded6eac0;  1 drivers
v0000020eded68970_0 .net *"_ivl_2", 0 0, L_0000020eded6f920;  1 drivers
L_0000020eded6f920 .reduce/nor L_0000020eded6eac0;
S_0000020eded6b420 .scope generate, "genblk2[7]" "genblk2[7]" 2 44, 2 44 0, S_0000020edede64b0;
 .timescale -9 -12;
P_0000020eded09270 .param/l "j" 0 2 44, +C4<0111>;
L_0000020eded0d750 .functor OR 1, RS_0000020eded0fe88, L_0000020eded6e980, C4<0>, C4<0>;
v0000020eded699b0_0 .net *"_ivl_0", 0 0, L_0000020eded6f6a0;  1 drivers
v0000020eded692d0_0 .net *"_ivl_2", 0 0, L_0000020eded6e980;  1 drivers
L_0000020eded6e980 .reduce/nor L_0000020eded6f6a0;
S_0000020eded6c280 .scope function.vec4.s3, "getOperationIndex" "getOperationIndex" 2 51, 2 51 0, S_0000020edede64b0;
 .timescale -9 -12;
; Variable getOperationIndex is vec4 return value of scope S_0000020eded6c280
v0000020eded68ab0_0 .var/i "k", 31 0;
v0000020eded69230_0 .var "test", 7 0;
TD_reservation_station.getOperationIndex ;
    %pushi/vec4 0, 0, 32;
    %store/vec4 v0000020eded68ab0_0, 0, 32;
T_0.0 ;
    %load/vec4 v0000020eded68ab0_0;
    %cmpi/s 8, 0, 32;
    %jmp/0xz T_0.1, 5;
    %load/vec4 v0000020eded6e160_0;
    %load/vec4 v0000020eded68ab0_0;
    %part/s 1;
    %ix/getv/s 4, v0000020eded68ab0_0;
    %load/vec4a v0000020eded6d760, 4;
    %parti/s 2, 0, 2;
    %pushi/vec4 0, 0, 2;
    %cmp/e;
    %flag_get/vec4 4;
    %and;
    %flag_set/vec4 8;
    %jmp/0xz  T_0.2, 8;
    %load/vec4 v0000020eded68ab0_0;
    %pad/s 3;
    %ret/vec4 0, 0, 3;  Assign to getOperationIndex (store_vec4_to_lval)
T_0.2 ;
    %load/vec4 v0000020eded68ab0_0;
    %addi 1, 0, 32;
    %store/vec4 v0000020eded68ab0_0, 0, 32;
    %jmp T_0.0;
T_0.1 ;
    %end;
    .scope S_0000020edede64b0;
T_1 ;
    %pushi/vec4 0, 0, 32;
    %store/vec4 v0000020eded6c860_0, 0, 32;
T_1.0 ;
    %load/vec4 v0000020eded6c860_0;
    %cmpi/s 8, 0, 32;
    %jmp/0xz T_1.1, 5;
    %pushi/vec4 0, 0, 1;
    %ix/load 5, 0, 0;
    %ix/getv/s 4, v0000020eded6c860_0;
    %assign/vec4/off/d v0000020eded6e160_0, 4, 5;
    %pushi/vec4 0, 0, 1;
    %ix/getv/s 3, v0000020eded6c860_0;
    %ix/load 4, 94, 0; part off
    %ix/load 5, 0, 0; Constant delay
    %assign/vec4/a/d v0000020eded6d760, 4, 5;
    %load/vec4 v0000020eded6c860_0;
    %addi 1, 0, 32;
    %store/vec4 v0000020eded6c860_0, 0, 32;
    %jmp T_1.0;
T_1.1 ;
    %end;
    .thread T_1;
# The file index is used to find the file name in the following table.
:file_names 3;
    "N/A";
    "<interactive>";
    ".\reservation_station.v";
