
*** Running vivado
    with args -log cpu.vdi -applog -m64 -product Vivado -messageDb vivado.pb -mode batch -source cpu.tcl -notrace



****** Vivado v2023.1 (64-bit)
  **** SW Build 3865809 on Sun May  7 15:05:29 MDT 2023
  **** IP Build 3864474 on Sun May  7 20:36:21 MDT 2023
  **** SharedData Build 3865790 on Sun May 07 13:33:03 MDT 2023
    ** Copyright 1986-2022 Xilinx, Inc. All Rights Reserved.
    ** Copyright 2022-2023 Advanced Micro Devices, Inc. All Rights Reserved.

source cpu.tcl -notrace
create_project: Time (s): cpu = 00:00:06 ; elapsed = 00:00:07 . Memory (MB): peak = 1498.129 ; gain = 197.688
Command: link_design -top cpu -part xc7a35tcpg236-1
Design is defaulting to srcset: sources_1
Design is defaulting to constrset: constrs_1
INFO: [Device 21-403] Loading part xc7a35tcpg236-1
Netlist sorting complete. Time (s): cpu = 00:00:00 ; elapsed = 00:00:00.235 . Memory (MB): peak = 1926.199 ; gain = 0.000
INFO: [Netlist 29-17] Analyzing 2176 Unisim elements for replacement
INFO: [Netlist 29-28] Unisim Transformation completed in 0 CPU seconds
INFO: [Project 1-479] Netlist was created with Vivado 2023.1
INFO: [Project 1-570] Preparing netlist for logic optimization
Parsing XDC File [C:/Users/Aaron Lo/Documents/FPGA/OutOfOrderProcessor/OutOfOrderProcessor.srcs/constrs_1/imports/digilent-xdc-master/Basys-3-Master.xdc]
Finished Parsing XDC File [C:/Users/Aaron Lo/Documents/FPGA/OutOfOrderProcessor/OutOfOrderProcessor.srcs/constrs_1/imports/digilent-xdc-master/Basys-3-Master.xdc]
INFO: [Opt 31-138] Pushed 0 inverter(s) to 0 load pin(s).
Netlist sorting complete. Time (s): cpu = 00:00:00 ; elapsed = 00:00:00.005 . Memory (MB): peak = 2090.805 ; gain = 0.000
INFO: [Project 1-111] Unisim Transformation Summary:
  A total of 1 instances were transformed.
  RAM32M => RAM32M (RAMD32(x6), RAMS32(x2)): 1 instance 

7 Infos, 0 Warnings, 0 Critical Warnings and 0 Errors encountered.
link_design completed successfully
link_design: Time (s): cpu = 00:00:07 ; elapsed = 00:00:08 . Memory (MB): peak = 2090.805 ; gain = 587.703
Command: opt_design
Attempting to get a license for feature 'Implementation' and/or device 'xc7a35t'
INFO: [Common 17-349] Got license for feature 'Implementation' and/or device 'xc7a35t'
Running DRC as a precondition to command opt_design

Starting DRC Task
INFO: [DRC 23-27] Running DRC with 2 threads
INFO: [Project 1-461] DRC finished with 0 Errors
INFO: [Project 1-462] Please refer to the DRC report (report_drc) for more information.

Time (s): cpu = 00:00:02 ; elapsed = 00:00:00.958 . Memory (MB): peak = 2107.832 ; gain = 17.027

Starting Cache Timing Information Task
INFO: [Timing 38-35] Done setting XDC timing constraints.
Ending Cache Timing Information Task | Checksum: c1dfb550

Time (s): cpu = 00:00:06 ; elapsed = 00:00:06 . Memory (MB): peak = 2661.688 ; gain = 553.855

Starting Logic Optimization Task

Phase 1 Retarget
INFO: [Opt 31-138] Pushed 0 inverter(s) to 0 load pin(s).
INFO: [Opt 31-49] Retargeted 0 cell(s).
Phase 1 Retarget | Checksum: eeda2a83

Time (s): cpu = 00:00:01 ; elapsed = 00:00:00.820 . Memory (MB): peak = 3013.902 ; gain = 0.000
INFO: [Opt 31-389] Phase Retarget created 5 cells and removed 5 cells

Phase 2 Constant propagation
INFO: [Opt 31-138] Pushed 0 inverter(s) to 0 load pin(s).
Phase 2 Constant propagation | Checksum: 85b46dce

Time (s): cpu = 00:00:01 ; elapsed = 00:00:01 . Memory (MB): peak = 3013.902 ; gain = 0.000
INFO: [Opt 31-389] Phase Constant propagation created 0 cells and removed 3 cells

Phase 3 Sweep
Phase 3 Sweep | Checksum: c6f92259

Time (s): cpu = 00:00:02 ; elapsed = 00:00:01 . Memory (MB): peak = 3013.902 ; gain = 0.000
INFO: [Opt 31-389] Phase Sweep created 0 cells and removed 0 cells

Phase 4 BUFG optimization
Phase 4 BUFG optimization | Checksum: c6f92259

Time (s): cpu = 00:00:02 ; elapsed = 00:00:01 . Memory (MB): peak = 3013.902 ; gain = 0.000
INFO: [Opt 31-662] Phase BUFG optimization created 0 cells of which 0 are BUFGs and removed 0 cells.

Phase 5 Shift Register Optimization
INFO: [Opt 31-1064] SRL Remap converted 0 SRLs to 0 registers and converted 0 registers of register chains to 0 SRLs
Phase 5 Shift Register Optimization | Checksum: 759112c3

Time (s): cpu = 00:00:02 ; elapsed = 00:00:02 . Memory (MB): peak = 3013.902 ; gain = 0.000
INFO: [Opt 31-389] Phase Shift Register Optimization created 0 cells and removed 0 cells

Phase 6 Post Processing Netlist
Phase 6 Post Processing Netlist | Checksum: 759112c3

Time (s): cpu = 00:00:02 ; elapsed = 00:00:02 . Memory (MB): peak = 3013.902 ; gain = 0.000
INFO: [Opt 31-389] Phase Post Processing Netlist created 0 cells and removed 0 cells
Opt_design Change Summary
=========================


-------------------------------------------------------------------------------------------------------------------------
|  Phase                        |  #Cells created  |  #Cells Removed  |  #Constrained objects preventing optimizations  |
-------------------------------------------------------------------------------------------------------------------------
|  Retarget                     |               5  |               5  |                                              0  |
|  Constant propagation         |               0  |               3  |                                              0  |
|  Sweep                        |               0  |               0  |                                              0  |
|  BUFG optimization            |               0  |               0  |                                              0  |
|  Shift Register Optimization  |               0  |               0  |                                              0  |
|  Post Processing Netlist      |               0  |               0  |                                              0  |
-------------------------------------------------------------------------------------------------------------------------



Starting Connectivity Check Task

Time (s): cpu = 00:00:00 ; elapsed = 00:00:00.056 . Memory (MB): peak = 3013.902 ; gain = 0.000
Ending Logic Optimization Task | Checksum: 759112c3

Time (s): cpu = 00:00:02 ; elapsed = 00:00:02 . Memory (MB): peak = 3013.902 ; gain = 0.000

Starting Power Optimization Task
INFO: [Pwropt 34-132] Skipping clock gating for clocks with a period < 2.00 ns.
INFO: [Timing 38-35] Done setting XDC timing constraints.
INFO: [Pwropt 34-9] Applying IDT optimizations ...
INFO: [Pwropt 34-10] Applying ODC optimizations ...
Running Vector-less Activity Propagation...

Finished Running Vector-less Activity Propagation


Starting PowerOpt Patch Enables Task
INFO: [Pwropt 34-162] WRITE_MODE attribute of 0 BRAM(s) out of a total of 28 has been updated to save power. Run report_power_opt to get a complete listing of the BRAMs updated.
INFO: [Pwropt 34-201] Structural ODC has moved 0 WE to EN ports
Number of BRAM Ports augmented: 0 newly gated: 23 Total Ports: 56
Number of Flops added for Enable Generation: 17

Ending PowerOpt Patch Enables Task | Checksum: 9726cca6

Time (s): cpu = 00:00:00 ; elapsed = 00:00:00.181 . Memory (MB): peak = 3159.234 ; gain = 0.000
Ending Power Optimization Task | Checksum: 9726cca6

Time (s): cpu = 00:00:15 ; elapsed = 00:00:09 . Memory (MB): peak = 3159.234 ; gain = 145.332

Starting Final Cleanup Task

Starting Logic Optimization Task
INFO: [Timing 38-35] Done setting XDC timing constraints.
Ending Logic Optimization Task | Checksum: 12e498b54

Time (s): cpu = 00:00:02 ; elapsed = 00:00:01 . Memory (MB): peak = 3159.234 ; gain = 0.000
Ending Final Cleanup Task | Checksum: 12e498b54

Time (s): cpu = 00:00:05 ; elapsed = 00:00:04 . Memory (MB): peak = 3159.234 ; gain = 0.000

Starting Netlist Obfuscation Task
Netlist sorting complete. Time (s): cpu = 00:00:00 ; elapsed = 00:00:00.008 . Memory (MB): peak = 3159.234 ; gain = 0.000
Ending Netlist Obfuscation Task | Checksum: 12e498b54

Time (s): cpu = 00:00:00 ; elapsed = 00:00:00.011 . Memory (MB): peak = 3159.234 ; gain = 0.000
INFO: [Common 17-83] Releasing license: Implementation
30 Infos, 0 Warnings, 0 Critical Warnings and 0 Errors encountered.
opt_design completed successfully
opt_design: Time (s): cpu = 00:00:32 ; elapsed = 00:00:25 . Memory (MB): peak = 3159.234 ; gain = 1068.430
INFO: [runtcl-4] Executing : report_drc -file cpu_drc_opted.rpt -pb cpu_drc_opted.pb -rpx cpu_drc_opted.rpx
Command: report_drc -file cpu_drc_opted.rpt -pb cpu_drc_opted.pb -rpx cpu_drc_opted.rpx
INFO: [IP_Flow 19-234] Refreshing IP repositories
INFO: [IP_Flow 19-1704] No user IP repositories specified
INFO: [IP_Flow 19-2313] Loaded Vivado IP repository 'C:/Xilinx/Vivado/2023.1/data/ip'.
INFO: [DRC 23-27] Running DRC with 2 threads
INFO: [Vivado_Tcl 2-168] The results of DRC are in file C:/Users/Aaron Lo/Documents/FPGA/OutOfOrderProcessor/OutOfOrderProcessor.runs/impl_1/cpu_drc_opted.rpt.
report_drc completed successfully
INFO: [Timing 38-480] Writing timing data to binary archive.
Writing XDEF routing.
Writing XDEF routing logical nets.
Writing XDEF routing special nets.
Write XDEF Complete: Time (s): cpu = 00:00:00 ; elapsed = 00:00:00.059 . Memory (MB): peak = 3159.234 ; gain = 0.000
INFO: [Common 17-1381] The checkpoint 'C:/Users/Aaron Lo/Documents/FPGA/OutOfOrderProcessor/OutOfOrderProcessor.runs/impl_1/cpu_opt.dcp' has been generated.
Command: place_design
Attempting to get a license for feature 'Implementation' and/or device 'xc7a35t'
INFO: [Common 17-349] Got license for feature 'Implementation' and/or device 'xc7a35t'
INFO: [DRC 23-27] Running DRC with 2 threads
INFO: [Vivado_Tcl 4-198] DRC finished with 0 Errors
INFO: [Vivado_Tcl 4-199] Please refer to the DRC report (report_drc) for more information.
Running DRC as a precondition to command place_design
INFO: [DRC 23-27] Running DRC with 2 threads
INFO: [Vivado_Tcl 4-198] DRC finished with 0 Errors
INFO: [Vivado_Tcl 4-199] Please refer to the DRC report (report_drc) for more information.

Starting Placer Task
INFO: [Place 30-611] Multithreading enabled for place_design using a maximum of 2 CPUs

Phase 1 Placer Initialization

Phase 1.1 Placer Initialization Netlist Sorting
Netlist sorting complete. Time (s): cpu = 00:00:00 ; elapsed = 00:00:00.006 . Memory (MB): peak = 3159.234 ; gain = 0.000
Phase 1.1 Placer Initialization Netlist Sorting | Checksum: 1135b22ab

Time (s): cpu = 00:00:00 ; elapsed = 00:00:00.020 . Memory (MB): peak = 3159.234 ; gain = 0.000
Netlist sorting complete. Time (s): cpu = 00:00:00 ; elapsed = 00:00:00.005 . Memory (MB): peak = 3159.234 ; gain = 0.000

Phase 1.2 IO Placement/ Clock Placement/ Build Placer Device
INFO: [Timing 38-35] Done setting XDC timing constraints.
Phase 1.2 IO Placement/ Clock Placement/ Build Placer Device | Checksum: d58ac6db

Time (s): cpu = 00:00:02 ; elapsed = 00:00:02 . Memory (MB): peak = 3159.234 ; gain = 0.000

Phase 1.3 Build Placer Netlist Model
Phase 1.3 Build Placer Netlist Model | Checksum: 21ed87467

Time (s): cpu = 00:00:08 ; elapsed = 00:00:06 . Memory (MB): peak = 3159.234 ; gain = 0.000

Phase 1.4 Constrain Clocks/Macros
Phase 1.4 Constrain Clocks/Macros | Checksum: 21ed87467

Time (s): cpu = 00:00:08 ; elapsed = 00:00:06 . Memory (MB): peak = 3159.234 ; gain = 0.000
Phase 1 Placer Initialization | Checksum: 21ed87467

Time (s): cpu = 00:00:08 ; elapsed = 00:00:06 . Memory (MB): peak = 3159.234 ; gain = 0.000

Phase 2 Global Placement

Phase 2.1 Floorplanning
Phase 2.1 Floorplanning | Checksum: 1efcf86ec

Time (s): cpu = 00:00:10 ; elapsed = 00:00:07 . Memory (MB): peak = 3159.234 ; gain = 0.000

Phase 2.2 Update Timing before SLR Path Opt
Phase 2.2 Update Timing before SLR Path Opt | Checksum: 1bc87216c

Time (s): cpu = 00:00:12 ; elapsed = 00:00:08 . Memory (MB): peak = 3159.234 ; gain = 0.000

Phase 2.3 Post-Processing in Floorplanning
Phase 2.3 Post-Processing in Floorplanning | Checksum: 1bc87216c

Time (s): cpu = 00:00:12 ; elapsed = 00:00:08 . Memory (MB): peak = 3159.234 ; gain = 0.000

Phase 2.4 Global Placement Core

Phase 2.4.1 UpdateTiming Before Physical Synthesis
Phase 2.4.1 UpdateTiming Before Physical Synthesis | Checksum: 1b0af1152

Time (s): cpu = 00:00:28 ; elapsed = 00:00:18 . Memory (MB): peak = 3159.234 ; gain = 0.000

Phase 2.4.2 Physical Synthesis In Placer
INFO: [Physopt 32-1035] Found 0 LUTNM shape to break, 301 LUT instances to create LUTNM shape
INFO: [Physopt 32-1044] Break lutnm for timing: one critical 0, two critical 0, total 0, new lutff created 0
INFO: [Physopt 32-1138] End 1 Pass. Optimized 134 nets or LUTs. Breaked 0 LUT, combined 134 existing LUTs and moved 0 existing LUT
INFO: [Physopt 32-65] No nets found for high-fanout optimization.
INFO: [Physopt 32-232] Optimized 0 net. Created 0 new instance.
INFO: [Physopt 32-775] End 1 Pass. Optimized 0 net or cell. Created 0 new cell, deleted 0 existing cell and moved 0 existing cell
INFO: [Physopt 32-670] No setup violation found.  DSP Register Optimization was not performed.
INFO: [Physopt 32-670] No setup violation found.  Shift Register to Pipeline Optimization was not performed.
INFO: [Physopt 32-670] No setup violation found.  Shift Register Optimization was not performed.
INFO: [Physopt 32-670] No setup violation found.  BRAM Register Optimization was not performed.
INFO: [Physopt 32-670] No setup violation found.  URAM Register Optimization was not performed.
INFO: [Physopt 32-949] No candidate nets found for dynamic/static region interface net replication
INFO: [Physopt 32-775] End 1 Pass. Optimized 0 net or cell. Created 0 new cell, deleted 0 existing cell and moved 0 existing cell
Netlist sorting complete. Time (s): cpu = 00:00:00 ; elapsed = 00:00:00.006 . Memory (MB): peak = 3159.234 ; gain = 0.000

Summary of Physical Synthesis Optimizations
============================================


-----------------------------------------------------------------------------------------------------------------------------------------------------------
|  Optimization                                     |  Added Cells  |  Removed Cells  |  Optimized Cells/Nets  |  Dont Touch  |  Iterations  |  Elapsed   |
-----------------------------------------------------------------------------------------------------------------------------------------------------------
|  LUT Combining                                    |            0  |            134  |                   134  |           0  |           1  |  00:00:01  |
|  Retime                                           |            0  |              0  |                     0  |           0  |           1  |  00:00:00  |
|  Very High Fanout                                 |            0  |              0  |                     0  |           0  |           1  |  00:00:00  |
|  DSP Register                                     |            0  |              0  |                     0  |           0  |           0  |  00:00:00  |
|  Shift Register to Pipeline                       |            0  |              0  |                     0  |           0  |           0  |  00:00:00  |
|  Shift Register                                   |            0  |              0  |                     0  |           0  |           0  |  00:00:00  |
|  BRAM Register                                    |            0  |              0  |                     0  |           0  |           0  |  00:00:00  |
|  URAM Register                                    |            0  |              0  |                     0  |           0  |           0  |  00:00:00  |
|  Dynamic/Static Region Interface Net Replication  |            0  |              0  |                     0  |           0  |           1  |  00:00:00  |
|  Total                                            |            0  |            134  |                   134  |           0  |           4  |  00:00:01  |
-----------------------------------------------------------------------------------------------------------------------------------------------------------


Phase 2.4.2 Physical Synthesis In Placer | Checksum: 1365993b5

Time (s): cpu = 00:00:31 ; elapsed = 00:00:20 . Memory (MB): peak = 3159.234 ; gain = 0.000
Phase 2.4 Global Placement Core | Checksum: 16bb48672

Time (s): cpu = 00:00:31 ; elapsed = 00:00:21 . Memory (MB): peak = 3159.234 ; gain = 0.000
Phase 2 Global Placement | Checksum: 16bb48672

Time (s): cpu = 00:00:31 ; elapsed = 00:00:21 . Memory (MB): peak = 3159.234 ; gain = 0.000

Phase 3 Detail Placement

Phase 3.1 Commit Multi Column Macros
Phase 3.1 Commit Multi Column Macros | Checksum: 1c66a073b

Time (s): cpu = 00:00:34 ; elapsed = 00:00:22 . Memory (MB): peak = 3159.234 ; gain = 0.000

Phase 3.2 Commit Most Macros & LUTRAMs
Phase 3.2 Commit Most Macros & LUTRAMs | Checksum: 19740136a

Time (s): cpu = 00:00:38 ; elapsed = 00:00:25 . Memory (MB): peak = 3159.234 ; gain = 0.000

Phase 3.3 Area Swap Optimization
Phase 3.3 Area Swap Optimization | Checksum: 14de62915

Time (s): cpu = 00:00:38 ; elapsed = 00:00:25 . Memory (MB): peak = 3159.234 ; gain = 0.000

Phase 3.4 Pipeline Register Optimization
Phase 3.4 Pipeline Register Optimization | Checksum: 13e44572d

Time (s): cpu = 00:00:38 ; elapsed = 00:00:25 . Memory (MB): peak = 3159.234 ; gain = 0.000

Phase 3.5 Small Shape Detail Placement
Phase 3.5 Small Shape Detail Placement | Checksum: 17e12a936

Time (s): cpu = 00:00:46 ; elapsed = 00:00:33 . Memory (MB): peak = 3159.234 ; gain = 0.000

Phase 3.6 Re-assign LUT pins
Phase 3.6 Re-assign LUT pins | Checksum: 153b22a2c

Time (s): cpu = 00:00:47 ; elapsed = 00:00:35 . Memory (MB): peak = 3159.234 ; gain = 0.000

Phase 3.7 Pipeline Register Optimization
Phase 3.7 Pipeline Register Optimization | Checksum: 1440bdca4

Time (s): cpu = 00:00:47 ; elapsed = 00:00:35 . Memory (MB): peak = 3159.234 ; gain = 0.000
Phase 3 Detail Placement | Checksum: 1440bdca4

Time (s): cpu = 00:00:47 ; elapsed = 00:00:35 . Memory (MB): peak = 3159.234 ; gain = 0.000

Phase 4 Post Placement Optimization and Clean-Up

Phase 4.1 Post Commit Optimization
INFO: [Timing 38-35] Done setting XDC timing constraints.

Phase 4.1.1 Post Placement Optimization
Post Placement Optimization Initialization | Checksum: 1382d58ad

Phase 4.1.1.1 BUFG Insertion

Starting Physical Synthesis Task

Phase 1 Physical Synthesis Initialization
INFO: [Physopt 32-721] Multithreading enabled for phys_opt_design using a maximum of 2 CPUs
INFO: [Physopt 32-619] Estimated Timing Summary | WNS=1.425 | TNS=0.000 |
Phase 1 Physical Synthesis Initialization | Checksum: fd9ea1c5

Time (s): cpu = 00:00:01 ; elapsed = 00:00:00.880 . Memory (MB): peak = 3159.234 ; gain = 0.000
INFO: [Place 46-56] BUFG insertion identified 0 candidate nets. Inserted BUFG: 0, Replicated BUFG Driver: 0, Skipped due to Placement/Routing Conflicts: 0, Skipped due to Timing Degradation: 0, Skipped due to netlist editing failed: 0.
Ending Physical Synthesis Task | Checksum: fd9ea1c5

Time (s): cpu = 00:00:01 ; elapsed = 00:00:01 . Memory (MB): peak = 3159.234 ; gain = 0.000
Phase 4.1.1.1 BUFG Insertion | Checksum: 1382d58ad

Time (s): cpu = 00:00:56 ; elapsed = 00:00:40 . Memory (MB): peak = 3159.234 ; gain = 0.000

Phase 4.1.1.2 Post Placement Timing Optimization
INFO: [Place 30-746] Post Placement Timing Summary WNS=1.425. For the most accurate timing information please run report_timing.
Phase 4.1.1.2 Post Placement Timing Optimization | Checksum: 1744c1087

Time (s): cpu = 00:00:56 ; elapsed = 00:00:40 . Memory (MB): peak = 3159.234 ; gain = 0.000

Time (s): cpu = 00:00:56 ; elapsed = 00:00:40 . Memory (MB): peak = 3159.234 ; gain = 0.000
Phase 4.1 Post Commit Optimization | Checksum: 1744c1087

Time (s): cpu = 00:00:56 ; elapsed = 00:00:41 . Memory (MB): peak = 3159.234 ; gain = 0.000

Phase 4.2 Post Placement Cleanup
Phase 4.2 Post Placement Cleanup | Checksum: 1744c1087

Time (s): cpu = 00:00:56 ; elapsed = 00:00:41 . Memory (MB): peak = 3159.234 ; gain = 0.000

Phase 4.3 Placer Reporting

Phase 4.3.1 Print Estimated Congestion
INFO: [Place 30-612] Post-Placement Estimated Congestion 
 ____________________________________________________
|           | Global Congestion | Short Congestion  |
| Direction | Region Size       | Region Size       |
|___________|___________________|___________________|
|      North|                1x1|                1x1|
|___________|___________________|___________________|
|      South|                1x1|                2x2|
|___________|___________________|___________________|
|       East|                1x1|                1x1|
|___________|___________________|___________________|
|       West|                1x1|                1x1|
|___________|___________________|___________________|

Phase 4.3.1 Print Estimated Congestion | Checksum: 1744c1087

Time (s): cpu = 00:00:56 ; elapsed = 00:00:41 . Memory (MB): peak = 3159.234 ; gain = 0.000
Phase 4.3 Placer Reporting | Checksum: 1744c1087

Time (s): cpu = 00:00:57 ; elapsed = 00:00:41 . Memory (MB): peak = 3159.234 ; gain = 0.000

Phase 4.4 Final Placement Cleanup
Netlist sorting complete. Time (s): cpu = 00:00:00 ; elapsed = 00:00:00.006 . Memory (MB): peak = 3159.234 ; gain = 0.000

Time (s): cpu = 00:00:57 ; elapsed = 00:00:41 . Memory (MB): peak = 3159.234 ; gain = 0.000
Phase 4 Post Placement Optimization and Clean-Up | Checksum: 138229e78

Time (s): cpu = 00:00:57 ; elapsed = 00:00:41 . Memory (MB): peak = 3159.234 ; gain = 0.000
Ending Placer Task | Checksum: a686c70d

Time (s): cpu = 00:00:57 ; elapsed = 00:00:41 . Memory (MB): peak = 3159.234 ; gain = 0.000
INFO: [Common 17-83] Releasing license: Implementation
67 Infos, 0 Warnings, 0 Critical Warnings and 0 Errors encountered.
place_design completed successfully
place_design: Time (s): cpu = 00:00:59 ; elapsed = 00:00:42 . Memory (MB): peak = 3159.234 ; gain = 0.000
INFO: [runtcl-4] Executing : report_io -file cpu_io_placed.rpt
report_io: Time (s): cpu = 00:00:00 ; elapsed = 00:00:00.043 . Memory (MB): peak = 3159.234 ; gain = 0.000
INFO: [runtcl-4] Executing : report_utilization -file cpu_utilization_placed.rpt -pb cpu_utilization_placed.pb
INFO: [runtcl-4] Executing : report_control_sets -verbose -file cpu_control_sets_placed.rpt
report_control_sets: Time (s): cpu = 00:00:00 ; elapsed = 00:00:00.036 . Memory (MB): peak = 3159.234 ; gain = 0.000
INFO: [Timing 38-480] Writing timing data to binary archive.
Writing XDEF routing.
Writing XDEF routing logical nets.
Writing XDEF routing special nets.
Write XDEF Complete: Time (s): cpu = 00:00:04 ; elapsed = 00:00:02 . Memory (MB): peak = 3160.234 ; gain = 1.000
INFO: [Common 17-1381] The checkpoint 'C:/Users/Aaron Lo/Documents/FPGA/OutOfOrderProcessor/OutOfOrderProcessor.runs/impl_1/cpu_placed.dcp' has been generated.
write_checkpoint: Time (s): cpu = 00:00:07 ; elapsed = 00:00:05 . Memory (MB): peak = 3160.234 ; gain = 1.000
Command: phys_opt_design
Attempting to get a license for feature 'Implementation' and/or device 'xc7a35t'
INFO: [Common 17-349] Got license for feature 'Implementation' and/or device 'xc7a35t'

Starting Initial Update Timing Task

Time (s): cpu = 00:00:05 ; elapsed = 00:00:03 . Memory (MB): peak = 3254.684 ; gain = 94.449
INFO: [Vivado_Tcl 4-383] Design worst setup slack (WNS) is greater than or equal to 0.000 ns. Skipping all physical synthesis optimizations.
INFO: [Vivado_Tcl 4-232] No setup violation found. The netlist was not modified.
INFO: [Common 17-83] Releasing license: Implementation
76 Infos, 0 Warnings, 0 Critical Warnings and 0 Errors encountered.
phys_opt_design completed successfully
INFO: [Timing 38-480] Writing timing data to binary archive.
Writing XDEF routing.
Writing XDEF routing logical nets.
Writing XDEF routing special nets.
Write XDEF Complete: Time (s): cpu = 00:00:04 ; elapsed = 00:00:02 . Memory (MB): peak = 3280.828 ; gain = 25.664
INFO: [Common 17-1381] The checkpoint 'C:/Users/Aaron Lo/Documents/FPGA/OutOfOrderProcessor/OutOfOrderProcessor.runs/impl_1/cpu_physopt.dcp' has been generated.
Command: route_design
Attempting to get a license for feature 'Implementation' and/or device 'xc7a35t'
INFO: [Common 17-349] Got license for feature 'Implementation' and/or device 'xc7a35t'
Running DRC as a precondition to command route_design
INFO: [DRC 23-27] Running DRC with 2 threads
INFO: [Vivado_Tcl 4-198] DRC finished with 0 Errors
INFO: [Vivado_Tcl 4-199] Please refer to the DRC report (report_drc) for more information.


Starting Routing Task
INFO: [Route 35-254] Multithreading enabled for route_design using a maximum of 2 CPUs

Phase 1 Build RT Design
Checksum: PlaceDB: 6bc47273 ConstDB: 0 ShapeSum: 3ac2549a RouteDB: 0
Post Restoration Checksum: NetGraph: 20404cfb | NumContArr: a7e6039e | Constraints: 190a55ad | Timing: 0
Phase 1 Build RT Design | Checksum: e130a646

Time (s): cpu = 00:00:21 ; elapsed = 00:00:17 . Memory (MB): peak = 3391.664 ; gain = 68.852

Phase 2 Router Initialization

Phase 2.1 Fix Topology Constraints
Phase 2.1 Fix Topology Constraints | Checksum: e130a646

Time (s): cpu = 00:00:21 ; elapsed = 00:00:17 . Memory (MB): peak = 3391.664 ; gain = 68.852

Phase 2.2 Pre Route Cleanup
Phase 2.2 Pre Route Cleanup | Checksum: e130a646

Time (s): cpu = 00:00:21 ; elapsed = 00:00:17 . Memory (MB): peak = 3391.664 ; gain = 68.852
 Number of Nodes with overlaps = 0

Phase 2.3 Update Timing
Phase 2.3 Update Timing | Checksum: 1a60ac37b

Time (s): cpu = 00:00:29 ; elapsed = 00:00:23 . Memory (MB): peak = 3407.719 ; gain = 84.906
INFO: [Route 35-416] Intermediate Timing Summary | WNS=1.830  | TNS=0.000  | WHS=-0.183 | THS=-38.344|


Router Utilization Summary
  Global Vertical Routing Utilization    = 0 %
  Global Horizontal Routing Utilization  = 0 %
  Routable Net Status*
  *Does not include unroutable nets such as driverless and loadless.
  Run report_route_status for detailed report.
  Number of Failed Nets               = 20221
    (Failed Nets is the sum of unrouted and partially routed nets)
  Number of Unrouted Nets             = 20221
  Number of Partially Routed Nets     = 0
  Number of Node Overlaps             = 0

Phase 2 Router Initialization | Checksum: 1a4447cb5

Time (s): cpu = 00:00:33 ; elapsed = 00:00:25 . Memory (MB): peak = 3412.547 ; gain = 89.734

Phase 3 Initial Routing

Phase 3.1 Global Routing
Phase 3.1 Global Routing | Checksum: 1a4447cb5

Time (s): cpu = 00:00:33 ; elapsed = 00:00:25 . Memory (MB): peak = 3412.547 ; gain = 89.734
Phase 3 Initial Routing | Checksum: ecd592b0

Time (s): cpu = 00:00:41 ; elapsed = 00:00:29 . Memory (MB): peak = 3420.602 ; gain = 97.789

Phase 4 Rip-up And Reroute

Phase 4.1 Global Iteration 0
 Number of Nodes with overlaps = 8030
 Number of Nodes with overlaps = 1709
 Number of Nodes with overlaps = 340
 Number of Nodes with overlaps = 67
 Number of Nodes with overlaps = 32
 Number of Nodes with overlaps = 10
 Number of Nodes with overlaps = 3
 Number of Nodes with overlaps = 5
 Number of Nodes with overlaps = 4
 Number of Nodes with overlaps = 3
 Number of Nodes with overlaps = 0
INFO: [Route 35-416] Intermediate Timing Summary | WNS=2.582  | TNS=0.000  | WHS=N/A    | THS=N/A    |

Phase 4.1 Global Iteration 0 | Checksum: 16ae776ce

Time (s): cpu = 00:01:26 ; elapsed = 00:01:09 . Memory (MB): peak = 3420.602 ; gain = 97.789
Phase 4 Rip-up And Reroute | Checksum: 16ae776ce

Time (s): cpu = 00:01:26 ; elapsed = 00:01:09 . Memory (MB): peak = 3420.602 ; gain = 97.789

Phase 5 Delay and Skew Optimization

Phase 5.1 Delay CleanUp

Phase 5.1.1 Update Timing
Phase 5.1.1 Update Timing | Checksum: cb9abde4

Time (s): cpu = 00:01:28 ; elapsed = 00:01:10 . Memory (MB): peak = 3420.602 ; gain = 97.789
INFO: [Route 35-416] Intermediate Timing Summary | WNS=2.670  | TNS=0.000  | WHS=N/A    | THS=N/A    |

Phase 5.1 Delay CleanUp | Checksum: cb9abde4

Time (s): cpu = 00:01:28 ; elapsed = 00:01:10 . Memory (MB): peak = 3420.602 ; gain = 97.789

Phase 5.2 Clock Skew Optimization
Phase 5.2 Clock Skew Optimization | Checksum: cb9abde4

Time (s): cpu = 00:01:28 ; elapsed = 00:01:10 . Memory (MB): peak = 3420.602 ; gain = 97.789
Phase 5 Delay and Skew Optimization | Checksum: cb9abde4

Time (s): cpu = 00:01:28 ; elapsed = 00:01:10 . Memory (MB): peak = 3420.602 ; gain = 97.789

Phase 6 Post Hold Fix

Phase 6.1 Hold Fix Iter

Phase 6.1.1 Update Timing
Phase 6.1.1 Update Timing | Checksum: 8eafd190

Time (s): cpu = 00:01:31 ; elapsed = 00:01:12 . Memory (MB): peak = 3420.602 ; gain = 97.789
INFO: [Route 35-416] Intermediate Timing Summary | WNS=2.670  | TNS=0.000  | WHS=0.040  | THS=0.000  |

Phase 6.1 Hold Fix Iter | Checksum: 1264ed37c

Time (s): cpu = 00:01:31 ; elapsed = 00:01:12 . Memory (MB): peak = 3420.602 ; gain = 97.789
Phase 6 Post Hold Fix | Checksum: 1264ed37c

Time (s): cpu = 00:01:31 ; elapsed = 00:01:12 . Memory (MB): peak = 3420.602 ; gain = 97.789

Phase 7 Route finalize

Router Utilization Summary
  Global Vertical Routing Utilization    = 15.046 %
  Global Horizontal Routing Utilization  = 15.7803 %
  Routable Net Status*
  *Does not include unroutable nets such as driverless and loadless.
  Run report_route_status for detailed report.
  Number of Failed Nets               = 0
    (Failed Nets is the sum of unrouted and partially routed nets)
  Number of Unrouted Nets             = 0
  Number of Partially Routed Nets     = 0
  Number of Node Overlaps             = 0

Phase 7 Route finalize | Checksum: 14a62fb61

Time (s): cpu = 00:01:31 ; elapsed = 00:01:12 . Memory (MB): peak = 3420.602 ; gain = 97.789

Phase 8 Verifying routed nets

 Verification completed successfully
Phase 8 Verifying routed nets | Checksum: 14a62fb61

Time (s): cpu = 00:01:31 ; elapsed = 00:01:12 . Memory (MB): peak = 3420.602 ; gain = 97.789

Phase 9 Depositing Routes
Phase 9 Depositing Routes | Checksum: 1f8c6b71f

Time (s): cpu = 00:01:33 ; elapsed = 00:01:14 . Memory (MB): peak = 3420.602 ; gain = 97.789

Phase 10 Post Router Timing
INFO: [Route 35-57] Estimated Timing Summary | WNS=2.670  | TNS=0.000  | WHS=0.040  | THS=0.000  |

INFO: [Route 35-327] The final timing numbers are based on the router estimated timing analysis. For a complete and accurate timing signoff, please run report_timing_summary.
Phase 10 Post Router Timing | Checksum: 1f8c6b71f

Time (s): cpu = 00:01:35 ; elapsed = 00:01:15 . Memory (MB): peak = 3420.602 ; gain = 97.789
INFO: [Route 35-16] Router Completed Successfully

Phase 11 Post-Route Event Processing
Phase 11 Post-Route Event Processing | Checksum: fcf736d5

Time (s): cpu = 00:01:36 ; elapsed = 00:01:16 . Memory (MB): peak = 3420.602 ; gain = 97.789

Time (s): cpu = 00:01:36 ; elapsed = 00:01:16 . Memory (MB): peak = 3420.602 ; gain = 97.789

Routing Is Done.
INFO: [Common 17-83] Releasing license: Implementation
91 Infos, 0 Warnings, 0 Critical Warnings and 0 Errors encountered.
route_design completed successfully
route_design: Time (s): cpu = 00:01:39 ; elapsed = 00:01:17 . Memory (MB): peak = 3420.602 ; gain = 139.773
INFO: [runtcl-4] Executing : report_drc -file cpu_drc_routed.rpt -pb cpu_drc_routed.pb -rpx cpu_drc_routed.rpx
Command: report_drc -file cpu_drc_routed.rpt -pb cpu_drc_routed.pb -rpx cpu_drc_routed.rpx
INFO: [IP_Flow 19-1839] IP Catalog is up to date.
INFO: [DRC 23-27] Running DRC with 2 threads
INFO: [Vivado_Tcl 2-168] The results of DRC are in file C:/Users/Aaron Lo/Documents/FPGA/OutOfOrderProcessor/OutOfOrderProcessor.runs/impl_1/cpu_drc_routed.rpt.
report_drc completed successfully
INFO: [runtcl-4] Executing : report_methodology -file cpu_methodology_drc_routed.rpt -pb cpu_methodology_drc_routed.pb -rpx cpu_methodology_drc_routed.rpx
Command: report_methodology -file cpu_methodology_drc_routed.rpt -pb cpu_methodology_drc_routed.pb -rpx cpu_methodology_drc_routed.rpx
INFO: [Timing 38-35] Done setting XDC timing constraints.
INFO: [DRC 23-133] Running Methodology with 2 threads
INFO: [Vivado_Tcl 2-1520] The results of Report Methodology are in file C:/Users/Aaron Lo/Documents/FPGA/OutOfOrderProcessor/OutOfOrderProcessor.runs/impl_1/cpu_methodology_drc_routed.rpt.
report_methodology completed successfully
report_methodology: Time (s): cpu = 00:00:12 ; elapsed = 00:00:07 . Memory (MB): peak = 3555.914 ; gain = 135.312
INFO: [runtcl-4] Executing : report_power -file cpu_power_routed.rpt -pb cpu_power_summary_routed.pb -rpx cpu_power_routed.rpx
Command: report_power -file cpu_power_routed.rpt -pb cpu_power_summary_routed.pb -rpx cpu_power_routed.rpx
INFO: [Timing 38-35] Done setting XDC timing constraints.
Running Vector-less Activity Propagation...

Finished Running Vector-less Activity Propagation
101 Infos, 0 Warnings, 0 Critical Warnings and 0 Errors encountered.
report_power completed successfully
report_power: Time (s): cpu = 00:00:14 ; elapsed = 00:00:09 . Memory (MB): peak = 3578.973 ; gain = 23.059
INFO: [runtcl-4] Executing : report_route_status -file cpu_route_status.rpt -pb cpu_route_status.pb
INFO: [runtcl-4] Executing : report_timing_summary -max_paths 10 -report_unconstrained -file cpu_timing_summary_routed.rpt -pb cpu_timing_summary_routed.pb -rpx cpu_timing_summary_routed.rpx -warn_on_violation 
INFO: [Timing 38-91] UpdateTimingParams: Speed grade: -1, Delay Type: min_max.
INFO: [Timing 38-191] Multithreading enabled for timing update using a maximum of 2 CPUs
INFO: [runtcl-4] Executing : report_incremental_reuse -file cpu_incremental_reuse_routed.rpt
INFO: [Vivado_Tcl 4-1062] Incremental flow is disabled. No incremental reuse Info to report.
INFO: [runtcl-4] Executing : report_clock_utilization -file cpu_clock_utilization_routed.rpt
INFO: [runtcl-4] Executing : report_bus_skew -warn_on_violation -file cpu_bus_skew_routed.rpt -pb cpu_bus_skew_routed.pb -rpx cpu_bus_skew_routed.rpx
INFO: [Timing 38-91] UpdateTimingParams: Speed grade: -1, Delay Type: min_max.
INFO: [Timing 38-191] Multithreading enabled for timing update using a maximum of 2 CPUs
INFO: [Timing 38-480] Writing timing data to binary archive.
Writing XDEF routing.
Writing XDEF routing logical nets.
Writing XDEF routing special nets.
Write XDEF Complete: Time (s): cpu = 00:00:04 ; elapsed = 00:00:02 . Memory (MB): peak = 3605.539 ; gain = 24.859
INFO: [Common 17-1381] The checkpoint 'C:/Users/Aaron Lo/Documents/FPGA/OutOfOrderProcessor/OutOfOrderProcessor.runs/impl_1/cpu_routed.dcp' has been generated.
INFO: [Common 17-206] Exiting Vivado at Tue Jul 18 01:15:31 2023...
