Vivado Simulator v2023.1
Copyright 1986-2022 Xilinx, Inc. All Rights Reserved.
Copyright 2022-2023 Advanced Micro Devices, Inc. All Rights Reserved.
Running: C:/Xilinx/Vivado/2023.1/bin/unwrapped/win64.o/xelab.exe --incr --debug typical --relax --mt 2 -L xil_defaultlib -L uvm -L unisims_ver -L unimacro_ver -L secureip -L xpm --snapshot Test_Memory_behav xil_defaultlib.Test_Memory xil_defaultlib.glbl -log elaborate.log 
Using 2 slave threads.
Starting static elaboration
Pass Through NonSizing Optimizer
WARNING: [VRFC 10-3091] actual bit length 80 differs from formal bit length 79 for port 'inOperation0' [C:/Users/Aaron Lo/Documents/FPGA/OutOfOrderProcessor/OutOfOrderProcessor.srcs/sources_1/new/cpu.v:752]
Completed static elaboration
Starting simulation data flow analysis
Completed simulation data flow analysis
Time Resolution for simulation is 1ps
Compiling module xil_defaultlib.display
Compiling module xil_defaultlib.mem
Compiling module xil_defaultlib.regs
Compiling module xil_defaultlib.decoder
Compiling module xil_defaultlib.forward_check
Compiling module xil_defaultlib.queue_feeder
Compiling module xil_defaultlib.queue
Compiling module xil_defaultlib.reservation_station_default
Compiling module xil_defaultlib.alu
Compiling module xil_defaultlib.store_buffer
Compiling module xil_defaultlib.load_store_unit
Compiling module xil_defaultlib.cpu
Compiling module xil_defaultlib.Test_Memory
Compiling module xil_defaultlib.glbl
Built simulation snapshot Test_Memory_behav
